dining_10.aut-invariantly_inevitably_eat.mcf-naive
67105
dining_10.aut-invariantly_inevitably_eat.mcf-emerson
17471
dining_10.aut-invariantly_plato_starves.mcf-naive
52788
dining_10.aut-invariantly_plato_starves.mcf-emerson
22960
dining_10.aut-invariantly_possibly_eat.mcf-naive
493709
dining_10.aut-invariantly_possibly_eat.mcf-emerson
47302
dining_10.aut-plato_infinitely_often_can_eat.mcf-naive
38585
dining_10.aut-plato_infinitely_often_can_eat.mcf-emerson
21516
dining_11.aut-invariantly_inevitably_eat.mcf-naive
288074
dining_11.aut-invariantly_inevitably_eat.mcf-emerson
72752
dining_11.aut-invariantly_plato_starves.mcf-naive
219194
dining_11.aut-invariantly_plato_starves.mcf-emerson
94275
dining_11.aut-invariantly_possibly_eat.mcf-naive
2174936
dining_11.aut-invariantly_possibly_eat.mcf-emerson
202245
dining_11.aut-plato_infinitely_often_can_eat.mcf-naive
161469
dining_11.aut-plato_infinitely_often_can_eat.mcf-emerson
90596
dining_2.aut-invariantly_inevitably_eat.mcf-naive
120
dining_2.aut-invariantly_inevitably_eat.mcf-emerson
120
dining_2.aut-invariantly_plato_starves.mcf-naive
120
dining_2.aut-invariantly_plato_starves.mcf-emerson
120
dining_2.aut-invariantly_possibly_eat.mcf-naive
141
dining_2.aut-invariantly_possibly_eat.mcf-emerson
134
dining_2.aut-plato_infinitely_often_can_eat.mcf-naive
125
dining_2.aut-plato_infinitely_often_can_eat.mcf-emerson
122
dining_3.aut-invariantly_inevitably_eat.mcf-naive
127
dining_3.aut-invariantly_inevitably_eat.mcf-emerson
135
dining_3.aut-invariantly_plato_starves.mcf-naive
138
dining_3.aut-invariantly_plato_starves.mcf-emerson
122
dining_3.aut-invariantly_possibly_eat.mcf-naive
151
dining_3.aut-invariantly_possibly_eat.mcf-emerson
142
dining_3.aut-plato_infinitely_often_can_eat.mcf-naive
141
dining_3.aut-plato_infinitely_often_can_eat.mcf-emerson
138
dining_4.aut-invariantly_inevitably_eat.mcf-naive
146
dining_4.aut-invariantly_inevitably_eat.mcf-emerson
140
dining_4.aut-invariantly_plato_starves.mcf-naive
157
dining_4.aut-invariantly_plato_starves.mcf-emerson
148
dining_4.aut-invariantly_possibly_eat.mcf-naive
194
dining_4.aut-invariantly_possibly_eat.mcf-emerson
154
dining_4.aut-plato_infinitely_often_can_eat.mcf-naive
154
dining_4.aut-plato_infinitely_often_can_eat.mcf-emerson
148
dining_5.aut-invariantly_inevitably_eat.mcf-naive
182
dining_5.aut-invariantly_inevitably_eat.mcf-emerson
173
dining_5.aut-invariantly_plato_starves.mcf-naive
202
dining_5.aut-invariantly_plato_starves.mcf-emerson
190
dining_5.aut-invariantly_possibly_eat.mcf-naive
344
dining_5.aut-invariantly_possibly_eat.mcf-emerson
207
dining_5.aut-plato_infinitely_often_can_eat.mcf-naive
203
dining_5.aut-plato_infinitely_often_can_eat.mcf-emerson
184
dining_6.aut-invariantly_inevitably_eat.mcf-naive
395
dining_6.aut-invariantly_inevitably_eat.mcf-emerson
393
dining_6.aut-invariantly_plato_starves.mcf-naive
542
dining_6.aut-invariantly_plato_starves.mcf-emerson
319
dining_6.aut-invariantly_possibly_eat.mcf-naive
837
dining_6.aut-invariantly_possibly_eat.mcf-emerson
592
dining_6.aut-plato_infinitely_often_can_eat.mcf-naive
424
dining_6.aut-plato_infinitely_often_can_eat.mcf-emerson
328
dining_7.aut-invariantly_inevitably_eat.mcf-naive
876
dining_7.aut-invariantly_inevitably_eat.mcf-emerson
547
dining_7.aut-invariantly_plato_starves.mcf-naive
988
dining_7.aut-invariantly_plato_starves.mcf-emerson
753
dining_7.aut-invariantly_possibly_eat.mcf-naive
3626
dining_7.aut-invariantly_possibly_eat.mcf-emerson
884
dining_7.aut-plato_infinitely_often_can_eat.mcf-naive
816
dining_7.aut-plato_infinitely_often_can_eat.mcf-emerson
667
dining_8.aut-invariantly_inevitably_eat.mcf-naive
2912
dining_8.aut-invariantly_inevitably_eat.mcf-emerson
1200
dining_8.aut-invariantly_plato_starves.mcf-naive
2651
dining_8.aut-invariantly_plato_starves.mcf-emerson
1425
dining_8.aut-invariantly_possibly_eat.mcf-naive
17280
dining_8.aut-invariantly_possibly_eat.mcf-emerson
2485
dining_8.aut-plato_infinitely_often_can_eat.mcf-naive
2165
dining_8.aut-plato_infinitely_often_can_eat.mcf-emerson
1266
dining_9.aut-invariantly_inevitably_eat.mcf-naive
13985
dining_9.aut-invariantly_inevitably_eat.mcf-emerson
4329
dining_9.aut-invariantly_plato_starves.mcf-naive
12758
dining_9.aut-invariantly_plato_starves.mcf-emerson
5538
dining_9.aut-invariantly_possibly_eat.mcf-naive
96113
dining_9.aut-invariantly_possibly_eat.mcf-emerson
11407
dining_9.aut-plato_infinitely_often_can_eat.mcf-naive
9283
dining_9.aut-plato_infinitely_often_can_eat.mcf-emerson
4993
