robots_100.aut-3a.mcf-naive
3560
robots_100.aut-3a.mcf-emerson
3477
robots_100.aut-3b.mcf-naive
353
robots_100.aut-3b.mcf-emerson
358
robots_100.aut-3c.mcf-naive
386
robots_100.aut-3c.mcf-emerson
396
robots_150.aut-3a.mcf-naive
11566
robots_150.aut-3a.mcf-emerson
11791
robots_150.aut-3b.mcf-naive
461
robots_150.aut-3b.mcf-emerson
454
robots_150.aut-3c.mcf-naive
526
robots_150.aut-3c.mcf-emerson
534
robots_200.aut-3a.mcf-naive
5268
robots_200.aut-3a.mcf-emerson
5311
robots_200.aut-3b.mcf-naive
415
robots_200.aut-3b.mcf-emerson
415
robots_200.aut-3c.mcf-naive
415
robots_200.aut-3c.mcf-emerson
461
robots_250.aut-3a.mcf-naive
59834
robots_250.aut-3a.mcf-emerson
57817
robots_250.aut-3b.mcf-naive
709
robots_250.aut-3b.mcf-emerson
686
robots_250.aut-3c.mcf-naive
1136
robots_250.aut-3c.mcf-emerson
1038
robots_300.aut-3a.mcf-naive
100990
robots_300.aut-3a.mcf-emerson
93878
robots_300.aut-3b.mcf-naive
882
robots_300.aut-3b.mcf-emerson
915
robots_300.aut-3c.mcf-naive
1121
robots_300.aut-3c.mcf-emerson
1133
robots_350.aut-3a.mcf-naive
562
robots_350.aut-3a.mcf-emerson
600
robots_350.aut-3b.mcf-naive
575
robots_350.aut-3b.mcf-emerson
580
robots_350.aut-3c.mcf-naive
756
robots_350.aut-3c.mcf-emerson
755
robots_400.aut-3a.mcf-naive
298743
robots_400.aut-3a.mcf-emerson
289436
robots_400.aut-3b.mcf-naive
1319
robots_400.aut-3b.mcf-emerson
1299
robots_400.aut-3c.mcf-naive
1809
robots_400.aut-3c.mcf-emerson
1861
robots_450.aut-3a.mcf-naive
455884
robots_450.aut-3a.mcf-emerson
470171
robots_450.aut-3b.mcf-naive
2246
robots_450.aut-3b.mcf-emerson
2173
robots_450.aut-3c.mcf-naive
2735
robots_450.aut-3c.mcf-emerson
2862
robots_50.aut-3a.mcf-naive
328
robots_50.aut-3a.mcf-emerson
297
robots_50.aut-3b.mcf-naive
160
robots_50.aut-3b.mcf-emerson
144
robots_50.aut-3c.mcf-naive
163
robots_50.aut-3c.mcf-emerson
153
robots_500.aut-3a.mcf-naive
92399
robots_500.aut-3a.mcf-emerson
87471
robots_500.aut-3b.mcf-naive
864
robots_500.aut-3b.mcf-emerson
899
robots_500.aut-3c.mcf-naive
1111
robots_500.aut-3c.mcf-emerson
1136
