demanding_children_10.aut-future-question-invariantly.mcf-naive
602
demanding_children_10.aut-future-question-invariantly.mcf-emerson
592
demanding_children_10.aut-question-eventual-answer-play.mcf-naive
435
demanding_children_10.aut-question-eventual-answer-play.mcf-emerson
572
demanding_children_10.aut-reachable-no-question-never-question.mcf-naive
412
demanding_children_10.aut-reachable-no-question-never-question.mcf-emerson
391
demanding_children_10.aut-single-child-infinite-ask-wisdom-play.mcf-naive
569
demanding_children_10.aut-single-child-infinite-ask-wisdom-play.mcf-emerson
481
demanding_children_2.aut-future-question-invariantly.mcf-naive
127
demanding_children_2.aut-future-question-invariantly.mcf-emerson
122
demanding_children_2.aut-question-eventual-answer-play.mcf-naive
122
demanding_children_2.aut-question-eventual-answer-play.mcf-emerson
125
demanding_children_2.aut-reachable-no-question-never-question.mcf-naive
120
demanding_children_2.aut-reachable-no-question-never-question.mcf-emerson
120
demanding_children_2.aut-single-child-infinite-ask-wisdom-play.mcf-naive
137
demanding_children_2.aut-single-child-infinite-ask-wisdom-play.mcf-emerson
118
demanding_children_3.aut-future-question-invariantly.mcf-naive
140
demanding_children_3.aut-future-question-invariantly.mcf-emerson
135
demanding_children_3.aut-question-eventual-answer-play.mcf-naive
126
demanding_children_3.aut-question-eventual-answer-play.mcf-emerson
123
demanding_children_3.aut-reachable-no-question-never-question.mcf-naive
122
demanding_children_3.aut-reachable-no-question-never-question.mcf-emerson
122
demanding_children_3.aut-single-child-infinite-ask-wisdom-play.mcf-naive
122
demanding_children_3.aut-single-child-infinite-ask-wisdom-play.mcf-emerson
123
demanding_children_4.aut-future-question-invariantly.mcf-naive
140
demanding_children_4.aut-future-question-invariantly.mcf-emerson
145
demanding_children_4.aut-question-eventual-answer-play.mcf-naive
143
demanding_children_4.aut-question-eventual-answer-play.mcf-emerson
141
demanding_children_4.aut-reachable-no-question-never-question.mcf-naive
129
demanding_children_4.aut-reachable-no-question-never-question.mcf-emerson
122
demanding_children_4.aut-single-child-infinite-ask-wisdom-play.mcf-naive
136
demanding_children_4.aut-single-child-infinite-ask-wisdom-play.mcf-emerson
143
demanding_children_5.aut-future-question-invariantly.mcf-naive
155
demanding_children_5.aut-future-question-invariantly.mcf-emerson
147
demanding_children_5.aut-question-eventual-answer-play.mcf-naive
143
demanding_children_5.aut-question-eventual-answer-play.mcf-emerson
144
demanding_children_5.aut-reachable-no-question-never-question.mcf-naive
143
demanding_children_5.aut-reachable-no-question-never-question.mcf-emerson
147
demanding_children_5.aut-single-child-infinite-ask-wisdom-play.mcf-naive
143
demanding_children_5.aut-single-child-infinite-ask-wisdom-play.mcf-emerson
149
demanding_children_6.aut-future-question-invariantly.mcf-naive
160
demanding_children_6.aut-future-question-invariantly.mcf-emerson
161
demanding_children_6.aut-question-eventual-answer-play.mcf-naive
151
demanding_children_6.aut-question-eventual-answer-play.mcf-emerson
154
demanding_children_6.aut-reachable-no-question-never-question.mcf-naive
150
demanding_children_6.aut-reachable-no-question-never-question.mcf-emerson
152
demanding_children_6.aut-single-child-infinite-ask-wisdom-play.mcf-naive
155
demanding_children_6.aut-single-child-infinite-ask-wisdom-play.mcf-emerson
151
demanding_children_7.aut-future-question-invariantly.mcf-naive
180
demanding_children_7.aut-future-question-invariantly.mcf-emerson
192
demanding_children_7.aut-question-eventual-answer-play.mcf-naive
174
demanding_children_7.aut-question-eventual-answer-play.mcf-emerson
166
demanding_children_7.aut-reachable-no-question-never-question.mcf-naive
167
demanding_children_7.aut-reachable-no-question-never-question.mcf-emerson
169
demanding_children_7.aut-single-child-infinite-ask-wisdom-play.mcf-naive
176
demanding_children_7.aut-single-child-infinite-ask-wisdom-play.mcf-emerson
169
demanding_children_8.aut-future-question-invariantly.mcf-naive
359
demanding_children_8.aut-future-question-invariantly.mcf-emerson
273
demanding_children_8.aut-question-eventual-answer-play.mcf-naive
210
demanding_children_8.aut-question-eventual-answer-play.mcf-emerson
206
demanding_children_8.aut-reachable-no-question-never-question.mcf-naive
190
demanding_children_8.aut-reachable-no-question-never-question.mcf-emerson
195
demanding_children_8.aut-single-child-infinite-ask-wisdom-play.mcf-naive
216
demanding_children_8.aut-single-child-infinite-ask-wisdom-play.mcf-emerson
211
demanding_children_9.aut-future-question-invariantly.mcf-naive
405
demanding_children_9.aut-future-question-invariantly.mcf-emerson
405
demanding_children_9.aut-question-eventual-answer-play.mcf-naive
367
demanding_children_9.aut-question-eventual-answer-play.mcf-emerson
318
demanding_children_9.aut-reachable-no-question-never-question.mcf-naive
288
demanding_children_9.aut-reachable-no-question-never-question.mcf-emerson
327
demanding_children_9.aut-single-child-infinite-ask-wisdom-play.mcf-naive
362
demanding_children_9.aut-single-child-infinite-ask-wisdom-play.mcf-emerson
369
